Determining if the pthread_create exist failed with the following output:
Change Dir: /home/projturtlebot/catkin_ws/src/navigation/navigation/CMakeFiles/CMakeTmp

Run Build Command:/usr/bin/make "cmTryCompileExec3354176898/fast"
/usr/bin/make -f CMakeFiles/cmTryCompileExec3354176898.dir/build.make CMakeFiles/cmTryCompileExec3354176898.dir/build
make[1]: Entering directory `/home/projturtlebot/catkin_ws/src/navigation/navigation/CMakeFiles/CMakeTmp'
/usr/bin/cmake -E cmake_progress_report /home/projturtlebot/catkin_ws/src/navigation/navigation/CMakeFiles/CMakeTmp/CMakeFiles 1
Building C object CMakeFiles/cmTryCompileExec3354176898.dir/CheckSymbolExists.c.o
/usr/bin/cc    -o CMakeFiles/cmTryCompileExec3354176898.dir/CheckSymbolExists.c.o   -c /home/projturtlebot/catkin_ws/src/navigation/navigation/CMakeFiles/CMakeTmp/CheckSymbolExists.c
Linking C executable cmTryCompileExec3354176898
/usr/bin/cmake -E cmake_link_script CMakeFiles/cmTryCompileExec3354176898.dir/link.txt --verbose=1
/usr/bin/cc       CMakeFiles/cmTryCompileExec3354176898.dir/CheckSymbolExists.c.o  -o cmTryCompileExec3354176898 -rdynamic 
CMakeFiles/cmTryCompileExec3354176898.dir/CheckSymbolExists.c.o: In function `main':
CheckSymbolExists.c:(.text+0x16): undefined reference to `pthread_create'
collect2: error: ld returned 1 exit status
make[1]: Leaving directory `/home/projturtlebot/catkin_ws/src/navigation/navigation/CMakeFiles/CMakeTmp'
make[1]: *** [cmTryCompileExec3354176898] Error 1
make: *** [cmTryCompileExec3354176898/fast] Error 2

File /home/projturtlebot/catkin_ws/src/navigation/navigation/CMakeFiles/CMakeTmp/CheckSymbolExists.c:
/* */
#include <pthread.h>

int main(int argc, char** argv)
{
  (void)argv;
#ifndef pthread_create
  return ((int*)(&pthread_create))[argc];
#else
  (void)argc;
  return 0;
#endif
}

Determining if the function pthread_create exists in the pthreads failed with the following output:
Change Dir: /home/projturtlebot/catkin_ws/src/navigation/navigation/CMakeFiles/CMakeTmp

Run Build Command:/usr/bin/make "cmTryCompileExec869451607/fast"
/usr/bin/make -f CMakeFiles/cmTryCompileExec869451607.dir/build.make CMakeFiles/cmTryCompileExec869451607.dir/build
make[1]: Entering directory `/home/projturtlebot/catkin_ws/src/navigation/navigation/CMakeFiles/CMakeTmp'
/usr/bin/cmake -E cmake_progress_report /home/projturtlebot/catkin_ws/src/navigation/navigation/CMakeFiles/CMakeTmp/CMakeFiles 1
Building C object CMakeFiles/cmTryCompileExec869451607.dir/CheckFunctionExists.c.o
/usr/bin/cc   -DCHECK_FUNCTION_EXISTS=pthread_create   -o CMakeFiles/cmTryCompileExec869451607.dir/CheckFunctionExists.c.o   -c /usr/share/cmake-2.8/Modules/CheckFunctionExists.c
Linking C executable cmTryCompileExec869451607
/usr/bin/cmake -E cmake_link_script CMakeFiles/cmTryCompileExec869451607.dir/link.txt --verbose=1
/usr/bin/cc   -DCHECK_FUNCTION_EXISTS=pthread_create    CMakeFiles/cmTryCompileExec869451607.dir/CheckFunctionExists.c.o  -o cmTryCompileExec869451607 -rdynamic -lpthreads 
/usr/bin/ld: cannot find -lpthreads
collect2: error: ld returned 1 exit status
make[1]: *** [cmTryCompileExec869451607] Error 1
make[1]: Leaving directory `/home/projturtlebot/catkin_ws/src/navigation/navigation/CMakeFiles/CMakeTmp'
make: *** [cmTryCompileExec869451607/fast] Error 2


